14:20:29: [INFO] [C:\Users\tanju\Desktop\WARG\autonomy-bootcamp-2025-p2\modules\common\modules\logger\logger_main_setup.py | setup_main_logger | 62] main logger initialized
14:20:29: [INFO] [C:\Users\tanju\Desktop\WARG\autonomy-bootcamp-2025-p2\tests\integration\test_telemetry.py | main | 113] Connected!
14:20:30: [INFO] [C:\Users\tanju\Desktop\WARG\autonomy-bootcamp-2025-p2\tests\integration\test_telemetry.py | read_queue | 72] {
            time_since_boot: 0,
            x: 0.0,
            y: 0.0,
            z: 0.0,
            x_velocity: 1.0,
            y_velocity: 0.0,
            z_velocity: 0.0,
            roll: 0.0,
            pitch: 0.0,
            yaw: 0.0,
            roll_speed: 0.0,
            pitch_speed: 0.0,
            yaw_speed: 3.1415927410125732
        }
14:20:30: [INFO] [C:\Users\tanju\Desktop\WARG\autonomy-bootcamp-2025-p2\tests\integration\test_telemetry.py | read_queue | 72] {
            time_since_boot: 500,
            x: 0.5,
            y: 0.0,
            z: 0.0,
            x_velocity: 1.0,
            y_velocity: 0.0,
            z_velocity: 0.0,
            roll: 0.0,
            pitch: 0.0,
            yaw: 1.0471975803375244,
            roll_speed: 0.0,
            pitch_speed: 0.0,
            yaw_speed: 3.1415927410125732
        }
14:20:30: [INFO] [C:\Users\tanju\Desktop\WARG\autonomy-bootcamp-2025-p2\tests\integration\test_telemetry.py | read_queue | 72] {
            time_since_boot: 1000,
            x: 1.0,
            y: 0.0,
            z: 0.0,
            x_velocity: 1.0,
            y_velocity: 0.0,
            z_velocity: 0.0,
            roll: 0.0,
            pitch: 0.0,
            yaw: 3.1415927410125732,
            roll_speed: 0.0,
            pitch_speed: 0.0,
            yaw_speed: 3.1415927410125732
        }
14:20:31: [INFO] [C:\Users\tanju\Desktop\WARG\autonomy-bootcamp-2025-p2\tests\integration\test_telemetry.py | read_queue | 72] {
            time_since_boot: 1511,
            x: 1.5,
            y: 0.0,
            z: 0.0,
            x_velocity: 1.0,
            y_velocity: 0.0,
            z_velocity: 0.0,
            roll: 0.0,
            pitch: 0.0,
            yaw: -2.094395160675049,
            roll_speed: 0.0,
            pitch_speed: 0.0,
            yaw_speed: 3.1415927410125732
        }
14:20:31: [INFO] [C:\Users\tanju\Desktop\WARG\autonomy-bootcamp-2025-p2\tests\integration\test_telemetry.py | read_queue | 72] {
            time_since_boot: 2000,
            x: 2.0,
            y: 0.0,
            z: 0.0,
            x_velocity: 1.0,
            y_velocity: 0.0,
            z_velocity: 0.0,
            roll: 0.0,
            pitch: 0.0,
            yaw: 0.0,
            roll_speed: 0.0,
            pitch_speed: 0.0,
            yaw_speed: 3.1415927410125732
        }
14:20:32: [INFO] [C:\Users\tanju\Desktop\WARG\autonomy-bootcamp-2025-p2\tests\integration\test_telemetry.py | read_queue | 72] {
            time_since_boot: 2501,
            x: 2.5,
            y: 0.0,
            z: 0.0,
            x_velocity: 1.0,
            y_velocity: 0.0,
            z_velocity: 0.0,
            roll: 0.0,
            pitch: 0.0,
            yaw: 1.0471975803375244,
            roll_speed: 0.0,
            pitch_speed: 0.0,
            yaw_speed: 3.1415927410125732
        }
14:20:32: [INFO] [C:\Users\tanju\Desktop\WARG\autonomy-bootcamp-2025-p2\tests\integration\test_telemetry.py | read_queue | 72] {
            time_since_boot: 3000,
            x: 3.0,
            y: 0.0,
            z: 0.0,
            x_velocity: 1.0,
            y_velocity: 0.0,
            z_velocity: 0.0,
            roll: 0.0,
            pitch: 0.0,
            yaw: 3.1415927410125732,
            roll_speed: 0.0,
            pitch_speed: 0.0,
            yaw_speed: 3.1415927410125732
        }
14:20:33: [INFO] [C:\Users\tanju\Desktop\WARG\autonomy-bootcamp-2025-p2\tests\integration\test_telemetry.py | read_queue | 72] {
            time_since_boot: 3506,
            x: 3.5,
            y: 0.0,
            z: 0.0,
            x_velocity: 1.0,
            y_velocity: 0.0,
            z_velocity: 0.0,
            roll: 0.0,
            pitch: 0.0,
            yaw: -2.094395160675049,
            roll_speed: 0.0,
            pitch_speed: 0.0,
            yaw_speed: 3.1415927410125732
        }
14:20:33: [INFO] [C:\Users\tanju\Desktop\WARG\autonomy-bootcamp-2025-p2\tests\integration\test_telemetry.py | read_queue | 72] {
            time_since_boot: 4000,
            x: 4.0,
            y: 0.0,
            z: 0.0,
            x_velocity: 1.0,
            y_velocity: 0.0,
            z_velocity: 0.0,
            roll: 0.0,
            pitch: 0.0,
            yaw: 0.0,
            roll_speed: 0.0,
            pitch_speed: 0.0,
            yaw_speed: 3.1415927410125732
        }
14:20:34: [INFO] [C:\Users\tanju\Desktop\WARG\autonomy-bootcamp-2025-p2\tests\integration\test_telemetry.py | read_queue | 72] {
            time_since_boot: 4500,
            x: 4.5,
            y: 0.0,
            z: 0.0,
            x_velocity: 1.0,
            y_velocity: 0.0,
            z_velocity: 0.0,
            roll: 0.0,
            pitch: 0.0,
            yaw: 1.0471975803375244,
            roll_speed: 0.0,
            pitch_speed: 0.0,
            yaw_speed: 3.1415927410125732
        }
14:20:37: [INFO] [C:\Users\tanju\Desktop\WARG\autonomy-bootcamp-2025-p2\tests\integration\test_telemetry.py | read_queue | 72] {
            time_since_boot: 0,
            x: 0.0,
            y: 0.0,
            z: 0.0,
            x_velocity: 1.0,
            y_velocity: 0.0,
            z_velocity: 0.0,
            roll: 0.0,
            pitch: 0.0,
            yaw: 0.0,
            roll_speed: 0.0,
            pitch_speed: 0.0,
            yaw_speed: 3.1415927410125732
        }
14:20:38: [INFO] [C:\Users\tanju\Desktop\WARG\autonomy-bootcamp-2025-p2\tests\integration\test_telemetry.py | read_queue | 72] {
            time_since_boot: 512,
            x: 0.3333333432674408,
            y: 0.0,
            z: 0.0,
            x_velocity: 1.0,
            y_velocity: 0.0,
            z_velocity: 0.0,
            roll: 0.0,
            pitch: 0.0,
            yaw: 1.5707963705062866,
            roll_speed: 0.0,
            pitch_speed: 0.0,
            yaw_speed: 3.1415927410125732
        }
14:20:38: [INFO] [C:\Users\tanju\Desktop\WARG\autonomy-bootcamp-2025-p2\tests\integration\test_telemetry.py | read_queue | 72] {
            time_since_boot: 1000,
            x: 0.6666666865348816,
            y: 0.0,
            z: 0.0,
            x_velocity: 1.0,
            y_velocity: 0.0,
            z_velocity: 0.0,
            roll: 0.0,
            pitch: 0.0,
            yaw: 3.1415927410125732,
            roll_speed: 0.0,
            pitch_speed: 0.0,
            yaw_speed: 3.1415927410125732
        }
14:20:39: [INFO] [C:\Users\tanju\Desktop\WARG\autonomy-bootcamp-2025-p2\tests\integration\test_telemetry.py | read_queue | 72] {
            time_since_boot: 1507,
            x: 1.3333333730697632,
            y: 0.0,
            z: 0.0,
            x_velocity: 1.0,
            y_velocity: 0.0,
            z_velocity: 0.0,
            roll: 0.0,
            pitch: 0.0,
            yaw: -1.5707963705062866,
            roll_speed: 0.0,
            pitch_speed: 0.0,
            yaw_speed: 3.1415927410125732
        }
14:20:39: [INFO] [C:\Users\tanju\Desktop\WARG\autonomy-bootcamp-2025-p2\tests\integration\test_telemetry.py | read_queue | 72] {
            time_since_boot: 2000,
            x: 1.6666666269302368,
            y: 0.0,
            z: 0.0,
            x_velocity: 1.0,
            y_velocity: 0.0,
            z_velocity: 0.0,
            roll: 0.0,
            pitch: 0.0,
            yaw: 0.0,
            roll_speed: 0.0,
            pitch_speed: 0.0,
            yaw_speed: 3.1415927410125732
        }
14:20:40: [INFO] [C:\Users\tanju\Desktop\WARG\autonomy-bootcamp-2025-p2\tests\integration\test_telemetry.py | read_queue | 72] {
            time_since_boot: 2501,
            x: 2.3333332538604736,
            y: 0.0,
            z: 0.0,
            x_velocity: 1.0,
            y_velocity: 0.0,
            z_velocity: 0.0,
            roll: 0.0,
            pitch: 0.0,
            yaw: 1.5707963705062866,
            roll_speed: 0.0,
            pitch_speed: 0.0,
            yaw_speed: 3.1415927410125732
        }
14:20:40: [INFO] [C:\Users\tanju\Desktop\WARG\autonomy-bootcamp-2025-p2\tests\integration\test_telemetry.py | read_queue | 72] {
            time_since_boot: 3000,
            x: 2.6666667461395264,
            y: 0.0,
            z: 0.0,
            x_velocity: 1.0,
            y_velocity: 0.0,
            z_velocity: 0.0,
            roll: 0.0,
            pitch: 0.0,
            yaw: 3.1415927410125732,
            roll_speed: 0.0,
            pitch_speed: 0.0,
            yaw_speed: 3.1415927410125732
        }
14:20:41: [INFO] [C:\Users\tanju\Desktop\WARG\autonomy-bootcamp-2025-p2\tests\integration\test_telemetry.py | read_queue | 72] {
            time_since_boot: 3501,
            x: 3.3333332538604736,
            y: 0.0,
            z: 0.0,
            x_velocity: 1.0,
            y_velocity: 0.0,
            z_velocity: 0.0,
            roll: 0.0,
            pitch: 0.0,
            yaw: -1.5707963705062866,
            roll_speed: 0.0,
            pitch_speed: 0.0,
            yaw_speed: 3.1415927410125732
        }
14:20:41: [INFO] [C:\Users\tanju\Desktop\WARG\autonomy-bootcamp-2025-p2\tests\integration\test_telemetry.py | read_queue | 72] {
            time_since_boot: 4000,
            x: 3.6666667461395264,
            y: 0.0,
            z: 0.0,
            x_velocity: 1.0,
            y_velocity: 0.0,
            z_velocity: 0.0,
            roll: 0.0,
            pitch: 0.0,
            yaw: 0.0,
            roll_speed: 0.0,
            pitch_speed: 0.0,
            yaw_speed: 3.1415927410125732
        }
14:20:42: [INFO] [C:\Users\tanju\Desktop\WARG\autonomy-bootcamp-2025-p2\tests\integration\test_telemetry.py | read_queue | 72] {
            time_since_boot: 4507,
            x: 4.333333492279053,
            y: 0.0,
            z: 0.0,
            x_velocity: 1.0,
            y_velocity: 0.0,
            z_velocity: 0.0,
            roll: 0.0,
            pitch: 0.0,
            yaw: 1.5707963705062866,
            roll_speed: 0.0,
            pitch_speed: 0.0,
            yaw_speed: 3.1415927410125732
        }
14:20:43: [INFO] [C:\Users\tanju\Desktop\WARG\autonomy-bootcamp-2025-p2\tests\integration\test_telemetry.py | stop | 59] Stopped
